running egg_info
creating ../../build/publisherodometry/publisherodometry.egg-info
writing ../../build/publisherodometry/publisherodometry.egg-info/PKG-INFO
writing dependency_links to ../../build/publisherodometry/publisherodometry.egg-info/dependency_links.txt
writing entry points to ../../build/publisherodometry/publisherodometry.egg-info/entry_points.txt
writing requirements to ../../build/publisherodometry/publisherodometry.egg-info/requires.txt
writing top-level names to ../../build/publisherodometry/publisherodometry.egg-info/top_level.txt
writing manifest file '../../build/publisherodometry/publisherodometry.egg-info/SOURCES.txt'
reading manifest file '../../build/publisherodometry/publisherodometry.egg-info/SOURCES.txt'
writing manifest file '../../build/publisherodometry/publisherodometry.egg-info/SOURCES.txt'
running build
running build_py
creating /home/vision/slamcore/git_codes/empty-odom-publisher/build/publisherodometry/build
creating /home/vision/slamcore/git_codes/empty-odom-publisher/build/publisherodometry/build/lib
creating /home/vision/slamcore/git_codes/empty-odom-publisher/build/publisherodometry/build/lib/publisherodometry
copying publisherodometry/__init__.py -> /home/vision/slamcore/git_codes/empty-odom-publisher/build/publisherodometry/build/lib/publisherodometry
copying publisherodometry/publisher_node.py -> /home/vision/slamcore/git_codes/empty-odom-publisher/build/publisherodometry/build/lib/publisherodometry
running install
running install_lib
creating /home/vision/slamcore/git_codes/empty-odom-publisher/install/publisherodometry/lib/python3.10/site-packages/publisherodometry
copying /home/vision/slamcore/git_codes/empty-odom-publisher/build/publisherodometry/build/lib/publisherodometry/__init__.py -> /home/vision/slamcore/git_codes/empty-odom-publisher/install/publisherodometry/lib/python3.10/site-packages/publisherodometry
copying /home/vision/slamcore/git_codes/empty-odom-publisher/build/publisherodometry/build/lib/publisherodometry/publisher_node.py -> /home/vision/slamcore/git_codes/empty-odom-publisher/install/publisherodometry/lib/python3.10/site-packages/publisherodometry
byte-compiling /home/vision/slamcore/git_codes/empty-odom-publisher/install/publisherodometry/lib/python3.10/site-packages/publisherodometry/__init__.py to __init__.cpython-310.pyc
byte-compiling /home/vision/slamcore/git_codes/empty-odom-publisher/install/publisherodometry/lib/python3.10/site-packages/publisherodometry/publisher_node.py to publisher_node.cpython-310.pyc
running install_data
copying package.xml -> /home/vision/slamcore/git_codes/empty-odom-publisher/install/publisherodometry/share/publisherodometry
running install_egg_info
Copying ../../build/publisherodometry/publisherodometry.egg-info to /home/vision/slamcore/git_codes/empty-odom-publisher/install/publisherodometry/lib/python3.10/site-packages/publisherodometry-0.0.0-py3.10.egg-info
running install_scripts
Installing publisherodometry_node script to /home/vision/slamcore/git_codes/empty-odom-publisher/install/publisherodometry/lib/publisherodometry
writing list of installed files to '/home/vision/slamcore/git_codes/empty-odom-publisher/build/publisherodometry/install.log'
